<?xml version="1.0" encoding="UTF-8"?>
<!-- Generated by org.testng.reporters.JUnitXMLReporter -->
<testsuite hostname="LAPTOP-IIFUPQLC" ignored="0" name="Test" tests="5" failures="0" timestamp="2020-04-17T15:33:20 IST" time="42.755" errors="0">
  <testcase name="loginPageNavigation" time="7.058" classname="academy.LoginPageTest"/>
  <testcase name="login" time="9.594" classname="academy.LoginPageTest"/>
  <testcase name="validateNavigationBar" time="0.73" classname="academy.HomePageTest"/>
  <testcase name="validateNavigations" time="0.443" classname="academy.HomePageTest"/>
  <testcase name="validateTitle" time="0.09" classname="academy.HomePageTest"/>
</testsuite> <!-- Test -->
