<?xml version="1.0" encoding="UTF-8"?>
<!-- Generated by org.testng.reporters.JUnitXMLReporter -->
<testsuite hostname="LAPTOP-IIFUPQLC" ignored="0" name="Validating Navigation Bar in Home Page " tests="2" failures="0" timestamp="2020-04-22T17:45:54 IST" time="8.613" errors="0">
  <testcase name="validateNavigationBar" time="0.219" classname="academy.HomePageTest"/>
  <testcase name="validateNavigations" time="0.068" classname="academy.HomePageTest"/>
</testsuite> <!-- Validating Navigation Bar in Home Page  -->
