<?xml version="1.0" encoding="UTF-8"?>
<!-- Generated by org.testng.reporters.JUnitXMLReporter -->
<testsuite hostname="LAPTOP-IIFUPQLC" ignored="0" name="Validating Title in Home Page" tests="1" failures="1" timestamp="2020-04-22T17:46:05 IST" time="10.567" errors="0">
  <testcase name="validateTitle" time="0.337" classname="academy.ValidateTitle">
    <failure type="java.lang.AssertionError" message="expected [FEATURED COURSES123] but found [FEATURED COURSES]">
      <![CDATA[java.lang.AssertionError: expected [FEATURED COURSES123] but found [FEATURED COURSES]
at academy.ValidateTitle.validateTitle(ValidateTitle.java:30)
at java.util.ArrayList.forEach(ArrayList.java:1257)
... Removed 32 stack frames]]>
    </failure>
  </testcase> <!-- validateTitle -->
</testsuite> <!-- Validating Title in Home Page -->
