<?xml version="1.0" encoding="UTF-8"?>
<!-- Generated by org.testng.reporters.JUnitXMLReporter -->
<testsuite hostname="LAPTOP-IIFUPQLC" ignored="0" name="Validating User Login" tests="5" failures="0" timestamp="2020-04-27T15:36:20 IST" time="17.014" errors="0">
  <testcase name="validateNavigationBar" time="0.046" classname="academy.HomePageTest"/>
  <testcase name="validateNavigations" time="0.029" classname="academy.HomePageTest"/>
  <testcase name="validateTitle" time="0.026" classname="academy.ValidateTitle"/>
  <testcase name="loginPageNavigation" time="7.243" classname="academy.LoginPageTest"/>
  <testcase name="loginTest" time="0.008" classname="academy.LoginPageTest"/>
</testsuite> <!-- Validating User Login -->
