<?xml version="1.0" encoding="UTF-8"?>
<testng-results skipped="0" failed="0" ignored="0" total="2" passed="2">
  <reporter-output>
  </reporter-output>
  <suite name="Suite" duration-ms="17014" started-at="2020-04-27T15:36:03 IST" finished-at="2020-04-27T15:36:20 IST">
    <groups>
    </groups>
    <test name="Validating User Login" duration-ms="17014" started-at="2020-04-27T15:36:03 IST" finished-at="2020-04-27T15:36:20 IST">
      <class name="academy.LoginPageTest">
        <test-method status="PASS" signature="LaunchURL()[pri:0, instance:academy.LoginPageTest@67b92f0a]" name="LaunchURL" is-config="true" duration-ms="9709" started-at="2020-04-27T15:36:03 IST" finished-at="2020-04-27T15:36:13 IST">
          <reporter-output>
          </reporter-output>
        </test-method> <!-- LaunchURL -->
        <test-method status="PASS" signature="loginPageNavigation()[pri:0, instance:academy.LoginPageTest@67b92f0a]" name="loginPageNavigation" duration-ms="7243" started-at="2020-04-27T15:36:13 IST" finished-at="2020-04-27T15:36:20 IST">
          <reporter-output>
          </reporter-output>
        </test-method> <!-- loginPageNavigation -->
        <test-method status="PASS" signature="loginTest()[pri:0, instance:academy.LoginPageTest@67b92f0a]" name="loginTest" duration-ms="8" started-at="2020-04-27T15:36:20 IST" depends-on-methods="academy.LoginPageTest.loginPageNavigation" finished-at="2020-04-27T15:36:20 IST">
          <reporter-output>
          </reporter-output>
        </test-method> <!-- loginTest -->
        <test-method status="PASS" signature="tearDown()[pri:0, instance:academy.LoginPageTest@67b92f0a]" name="tearDown" is-config="true" duration-ms="24" started-at="2020-04-27T15:36:20 IST" finished-at="2020-04-27T15:36:20 IST">
          <reporter-output>
          </reporter-output>
        </test-method> <!-- tearDown -->
      </class> <!-- academy.LoginPageTest -->
    </test> <!-- Validating User Login -->
  </suite> <!-- Suite -->
</testng-results>
