<?xml version="1.0" encoding="UTF-8"?>
<testsuite xmlns:xsi="http://www.w3.org/2001/XMLSchema-instance" xsi:noNamespaceSchemaLocation="https://maven.apache.org/surefire/maven-surefire-plugin/xsd/surefire-test-report-3.0.xsd" version="3.0" name="TestSuite" time="17.966" tests="5" errors="0" skipped="0" failures="0">
  <properties>
[...]
</properties>
  <testcase name="validateNavigationBar" classname="academy.HomePageTest" time="0.049"/>
  <testcase name="validateNavigations" classname="academy.HomePageTest" time="0.027"/>
  <testcase name="validateTitle" classname="academy.ValidateTitle" time="0.027"/>
  <testcase name="loginPageNavigation" classname="academy.LoginPageTest" time="5.569"/>
  <testcase name="loginTest" classname="academy.LoginPageTest" time="0.008"/>
</testsuite>